
ROM used:   2062/32768 (6%)
            2066/32768 (6%) including unused fragments

            1.7 Average locations per line
            23.4 Average locations per statement

RAM used:   16/2048 (1%) at main() level
            32/2048 (2%) worst case

Stack used: 6 worst case (6 in main + 0 for interrupts)
Stack size: 31

Lines Stmts  %   Files
----- ----- ---  -----
   58    19  22  ULTRASONICO.c
  944     0   0  ..\..\..\..\..\Program Files (x86)\PICC\devices\18F45K50.h
  239    69  78  flex_lcd.h
----- -----
 1241    88 Total

Page ROM  %  RAM   Vol Diff  Functions:
---- --- --- ---   --- ----  ----------
0     40   1    1             @delay_ms1
0     32   1    1             @delay_us1
0     20   0    0   110  2.1  @const646
0     70   2    1   328  2.7  lcd_send_nibble
0     50   1    1   362  2.3  lcd_read_nibble
0     36   1    3   165  3.3  lcd_read_byte
0     66   2    3   319  4.1  lcd_send_byte
0     88   2    2   384  4.4  lcd_init
0     36   1    4   186  5.5  lcd_gotoxy
0     66   2    1   275  3.9  lcd_putc
0    342   8    4   468  4.5  MAIN
0     54   1    2   186  5.5  @ITOF
0    242   6   11   275  3.9  @MULFF
0    620  15   16   200  3.3  @ADDFF
0     58   1    4    82  2.7  @SFTOI
0     20   0    0   160  2.5  @const696
0     30   1    3             @PSTRINGCN_669
0    188   5    9             @PRINTF_LU_669
 Inline         0             @cinit1

Program metrics:
    Functions               14
    Statements              88
    Comments                253
    Volume (V)              6075
    Difficulty (D)          49.5
    Effort to implement (E) 300890
    Time to implement (T)   4 hours, 39 minutes
    Est Delivered Bugs (B)  1
    Cyclomatic Complexity   13
    Maintainability (MI)    124

 Segment     Used  Free
-----------  ----  ----
00000-01FFE     0  8192  
02000-02006     4  4  
02008-07FFE  2058  22510  



